13.1.2023, 21:23:52 - INFO - Server is running on port: 3030 
13.1.2023, 21:24:02 - INFO - Server is running on port: 3030 
13.1.2023, 21:24:07 - INFO - Server is running on port: 3030 
13.1.2023, 21:24:15 - INFO - Server is running on port: 3030 
13.1.2023, 21:24:17 - INFO - Server is running on port: 3030 
13.1.2023, 21:31:08 - INFO - Req was made 
13.1.2023, 21:31:08 - DEBUG - Getting Toys 
13.1.2023, 21:31:08 - ERROR - cannot find toys | MongoServerError: $regex has to be a string 
13.1.2023, 21:31:08 - ERROR - Failed to get toys | MongoServerError: $regex has to be a string 
13.1.2023, 21:33:08 - INFO - Req was made 
13.1.2023, 21:33:08 - DEBUG - Getting Toys 
13.1.2023, 21:33:08 - ERROR - cannot find toys | MongoServerError: $regex has to be a string 
13.1.2023, 21:33:08 - ERROR - Failed to get toys | MongoServerError: $regex has to be a string 
13.1.2023, 21:33:08 - INFO - Req was made 
13.1.2023, 21:33:08 - DEBUG - Getting Toys 
13.1.2023, 21:33:08 - ERROR - cannot find toys | MongoServerError: $regex has to be a string 
13.1.2023, 21:33:08 - ERROR - Failed to get toys | MongoServerError: $regex has to be a string 
13.1.2023, 21:34:16 - INFO - Req was made 
13.1.2023, 21:34:16 - DEBUG - Getting Toys 
13.1.2023, 21:34:16 - ERROR - cannot find toys | MongoServerError: $regex has to be a string 
13.1.2023, 21:34:16 - ERROR - Failed to get toys | MongoServerError: $regex has to be a string 
13.1.2023, 21:34:17 - INFO - Req was made 
13.1.2023, 21:34:17 - DEBUG - Getting Toys 
13.1.2023, 21:34:17 - ERROR - cannot find toys | MongoServerError: $regex has to be a string 
13.1.2023, 21:34:17 - ERROR - Failed to get toys | MongoServerError: $regex has to be a string 
13.1.2023, 21:34:17 - INFO - Req was made 
13.1.2023, 21:34:17 - DEBUG - Getting Toys 
13.1.2023, 21:34:17 - ERROR - cannot find toys | MongoServerError: $regex has to be a string 
13.1.2023, 21:34:17 - ERROR - Failed to get toys | MongoServerError: $regex has to be a string 
13.1.2023, 21:34:18 - INFO - Req was made 
13.1.2023, 21:34:18 - DEBUG - Getting Toys 
13.1.2023, 21:34:18 - ERROR - cannot find toys | MongoServerError: $regex has to be a string 
13.1.2023, 21:34:18 - ERROR - Failed to get toys | MongoServerError: $regex has to be a string 
13.1.2023, 21:34:18 - INFO - Req was made 
13.1.2023, 21:34:18 - DEBUG - Getting Toys 
13.1.2023, 21:34:18 - ERROR - cannot find toys | MongoServerError: $regex has to be a string 
13.1.2023, 21:34:18 - ERROR - Failed to get toys | MongoServerError: $regex has to be a string 
13.1.2023, 21:34:19 - INFO - Req was made 
13.1.2023, 21:34:19 - DEBUG - Getting Toys 
13.1.2023, 21:34:19 - ERROR - cannot find toys | MongoServerError: $regex has to be a string 
13.1.2023, 21:34:19 - ERROR - Failed to get toys | MongoServerError: $regex has to be a string 
13.1.2023, 21:34:21 - INFO - Req was made 
13.1.2023, 21:34:21 - DEBUG - Getting Toys 
13.1.2023, 21:34:21 - ERROR - cannot find toys | MongoServerError: $regex has to be a string 
13.1.2023, 21:34:21 - ERROR - Failed to get toys | MongoServerError: $regex has to be a string 
13.1.2023, 21:34:22 - INFO - Req was made 
13.1.2023, 21:34:22 - DEBUG - Getting Toys 
13.1.2023, 21:34:22 - ERROR - cannot find toys | MongoServerError: $regex has to be a string 
13.1.2023, 21:34:22 - ERROR - Failed to get toys | MongoServerError: $regex has to be a string 
13.1.2023, 21:34:24 - INFO - Req was made 
13.1.2023, 21:34:24 - DEBUG - Getting Toys 
13.1.2023, 21:34:24 - ERROR - cannot find toys | MongoServerError: $regex has to be a string 
13.1.2023, 21:34:24 - ERROR - Failed to get toys | MongoServerError: $regex has to be a string 
13.1.2023, 21:34:24 - INFO - Req was made 
13.1.2023, 21:34:24 - DEBUG - Getting Toys 
13.1.2023, 21:34:24 - ERROR - cannot find toys | MongoServerError: $regex has to be a string 
13.1.2023, 21:34:24 - ERROR - Failed to get toys | MongoServerError: $regex has to be a string 
13.1.2023, 21:34:41 - INFO - Server is running on port: 3030 
13.1.2023, 21:35:06 - INFO - Server is running on port: 3030 
13.1.2023, 21:35:12 - INFO - Server is running on port: 3030 
13.1.2023, 21:35:18 - INFO - Req was made 
13.1.2023, 21:35:18 - DEBUG - Getting Toys 
13.1.2023, 21:35:18 - ERROR - cannot find toys | ReferenceError: toys is not defined 
13.1.2023, 21:35:18 - ERROR - Failed to get toys | ReferenceError: toys is not defined 
13.1.2023, 21:35:18 - INFO - Req was made 
13.1.2023, 21:35:18 - DEBUG - Getting Toys 
13.1.2023, 21:35:18 - ERROR - cannot find toys | ReferenceError: toys is not defined 
13.1.2023, 21:35:18 - ERROR - Failed to get toys | ReferenceError: toys is not defined 
13.1.2023, 21:35:19 - INFO - Req was made 
13.1.2023, 21:35:19 - DEBUG - Getting Toys 
13.1.2023, 21:35:19 - ERROR - cannot find toys | ReferenceError: toys is not defined 
13.1.2023, 21:35:19 - ERROR - Failed to get toys | ReferenceError: toys is not defined 
13.1.2023, 21:35:19 - INFO - Req was made 
13.1.2023, 21:35:19 - ERROR - cannot find toys | ReferenceError: toys is not defined 
13.1.2023, 21:35:19 - DEBUG - Getting Toys 
13.1.2023, 21:35:19 - ERROR - Failed to get toys | ReferenceError: toys is not defined 
13.1.2023, 21:35:36 - INFO - Server is running on port: 3030 
13.1.2023, 21:35:42 - INFO - Server is running on port: 3030 
13.1.2023, 21:35:55 - INFO - Server is running on port: 3030 
13.1.2023, 21:36:14 - INFO - Req was made 
13.1.2023, 21:36:14 - DEBUG - Getting Toys 
13.1.2023, 21:36:14 - ERROR - cannot find toys | ReferenceError: toys is not defined 
13.1.2023, 21:36:14 - ERROR - Failed to get toys | ReferenceError: toys is not defined 
13.1.2023, 21:36:14 - INFO - Req was made 
13.1.2023, 21:36:14 - DEBUG - Getting Toys 
13.1.2023, 21:36:14 - ERROR - cannot find toys | ReferenceError: toys is not defined 
13.1.2023, 21:36:14 - ERROR - Failed to get toys | ReferenceError: toys is not defined 
13.1.2023, 21:36:15 - INFO - Req was made 
13.1.2023, 21:36:15 - DEBUG - Getting Toys 
13.1.2023, 21:36:15 - ERROR - cannot find toys | ReferenceError: toys is not defined 
13.1.2023, 21:36:15 - ERROR - Failed to get toys | ReferenceError: toys is not defined 
13.1.2023, 21:36:15 - INFO - Req was made 
13.1.2023, 21:36:15 - DEBUG - Getting Toys 
13.1.2023, 21:36:15 - ERROR - cannot find toys | ReferenceError: toys is not defined 
13.1.2023, 21:36:15 - ERROR - Failed to get toys | ReferenceError: toys is not defined 
13.1.2023, 21:36:15 - INFO - Req was made 
13.1.2023, 21:36:15 - ERROR - cannot find toys | ReferenceError: toys is not defined 
13.1.2023, 21:36:15 - ERROR - Failed to get toys | ReferenceError: toys is not defined 
13.1.2023, 21:36:15 - DEBUG - Getting Toys 
13.1.2023, 21:36:15 - INFO - Req was made 
13.1.2023, 21:36:15 - DEBUG - Getting Toys 
13.1.2023, 21:36:15 - ERROR - cannot find toys | ReferenceError: toys is not defined 
13.1.2023, 21:36:15 - ERROR - Failed to get toys | ReferenceError: toys is not defined 
13.1.2023, 21:36:15 - INFO - Req was made 
13.1.2023, 21:36:15 - DEBUG - Getting Toys 
13.1.2023, 21:36:15 - ERROR - cannot find toys | ReferenceError: toys is not defined 
13.1.2023, 21:36:15 - ERROR - Failed to get toys | ReferenceError: toys is not defined 
13.1.2023, 21:36:15 - INFO - Req was made 
13.1.2023, 21:36:15 - ERROR - cannot find toys | ReferenceError: toys is not defined 
13.1.2023, 21:36:15 - DEBUG - Getting Toys 
13.1.2023, 21:36:15 - ERROR - Failed to get toys | ReferenceError: toys is not defined 
13.1.2023, 21:36:15 - INFO - Req was made 
13.1.2023, 21:36:15 - DEBUG - Getting Toys 
13.1.2023, 21:36:15 - ERROR - cannot find toys | ReferenceError: toys is not defined 
13.1.2023, 21:36:15 - ERROR - Failed to get toys | ReferenceError: toys is not defined 
13.1.2023, 21:36:15 - INFO - Req was made 
13.1.2023, 21:36:15 - DEBUG - Getting Toys 
13.1.2023, 21:36:15 - ERROR - cannot find toys | ReferenceError: toys is not defined 
13.1.2023, 21:36:15 - ERROR - Failed to get toys | ReferenceError: toys is not defined 
13.1.2023, 21:36:20 - INFO - Req was made 
13.1.2023, 21:36:20 - DEBUG - Getting Toys 
13.1.2023, 21:36:20 - ERROR - cannot find toys | ReferenceError: toys is not defined 
13.1.2023, 21:36:20 - ERROR - Failed to get toys | ReferenceError: toys is not defined 
13.1.2023, 21:36:23 - INFO - Req was made 
13.1.2023, 21:36:23 - DEBUG - Getting Toys 
13.1.2023, 21:36:23 - ERROR - cannot find toys | ReferenceError: toys is not defined 
13.1.2023, 21:36:23 - ERROR - Failed to get toys | ReferenceError: toys is not defined 
13.1.2023, 21:36:58 - INFO - Server is running on port: 3030 
13.1.2023, 21:37:01 - INFO - Server is running on port: 3030 
13.1.2023, 21:37:19 - INFO - Server is running on port: 3030 
13.1.2023, 21:37:22 - INFO - Server is running on port: 3030 
13.1.2023, 21:37:26 - INFO - Server is running on port: 3030 
13.1.2023, 21:37:57 - INFO - Server is running on port: 3030 
13.1.2023, 21:38:02 - INFO - Server is running on port: 3030 
13.1.2023, 21:38:07 - INFO - Server is running on port: 3030 
13.1.2023, 21:38:11 - INFO - Req was made 
13.1.2023, 21:38:11 - DEBUG - Getting Toys 
13.1.2023, 21:38:11 - INFO - Req was made 
13.1.2023, 21:38:11 - DEBUG - Getting Toys 
13.1.2023, 21:38:32 - INFO - Server is running on port: 3030 
13.1.2023, 21:38:51 - INFO - Server is running on port: 3030 
13.1.2023, 21:38:53 - INFO - Server is running on port: 3030 
13.1.2023, 21:38:58 - INFO - Req was made 
13.1.2023, 21:38:58 - DEBUG - Getting Toys 
13.1.2023, 21:38:58 - INFO - Req was made 
13.1.2023, 21:38:58 - DEBUG - Getting Toys 
13.1.2023, 21:39:00 - INFO - Req was made 
13.1.2023, 21:39:00 - DEBUG - Getting Toys 
13.1.2023, 21:39:00 - INFO - Req was made 
13.1.2023, 21:39:00 - DEBUG - Getting Toys 
13.1.2023, 21:40:48 - INFO - Server is running on port: 3030 
13.1.2023, 21:40:57 - INFO - Server is running on port: 3030 
13.1.2023, 21:41:00 - INFO - Server is running on port: 3030 
13.1.2023, 21:41:03 - INFO - Server is running on port: 3030 
13.1.2023, 21:41:04 - INFO - Server is running on port: 3030 
13.1.2023, 21:41:06 - INFO - Server is running on port: 3030 
13.1.2023, 21:41:09 - INFO - Req was made 
13.1.2023, 21:41:09 - DEBUG - Getting Toys 
13.1.2023, 21:41:09 - INFO - Req was made 
13.1.2023, 21:41:09 - DEBUG - Getting Toys 
13.1.2023, 21:41:29 - INFO - Server is running on port: 3030 
13.1.2023, 21:41:36 - INFO - Req was made 
13.1.2023, 21:41:36 - DEBUG - Getting Toys 
13.1.2023, 21:41:36 - INFO - Req was made 
13.1.2023, 21:41:36 - DEBUG - Getting Toys 
13.1.2023, 21:41:36 - INFO - Req was made 
13.1.2023, 21:41:36 - DEBUG - Getting Toys 
13.1.2023, 21:41:36 - INFO - Req was made 
13.1.2023, 21:41:36 - DEBUG - Getting Toys 
13.1.2023, 21:41:36 - INFO - Req was made 
13.1.2023, 21:41:36 - DEBUG - Getting Toys 
13.1.2023, 21:41:36 - INFO - Req was made 
13.1.2023, 21:41:36 - DEBUG - Getting Toys 
13.1.2023, 21:41:37 - INFO - Req was made 
13.1.2023, 21:41:37 - DEBUG - Getting Toys 
13.1.2023, 21:41:37 - INFO - Req was made 
13.1.2023, 21:41:37 - DEBUG - Getting Toys 
13.1.2023, 21:41:37 - INFO - Req was made 
13.1.2023, 21:41:37 - DEBUG - Getting Toys 
13.1.2023, 21:41:37 - INFO - Req was made 
13.1.2023, 21:41:37 - DEBUG - Getting Toys 
13.1.2023, 21:46:11 - INFO - Server is running on port: 3030 
13.1.2023, 21:46:14 - INFO - Req was made 
13.1.2023, 21:46:14 - DEBUG - Getting Toys 
13.1.2023, 21:46:14 - INFO - Req was made 
13.1.2023, 21:46:14 - DEBUG - Getting Toys 
13.1.2023, 21:46:14 - INFO - Req was made 
13.1.2023, 21:46:14 - DEBUG - Getting Toys 
13.1.2023, 21:46:14 - INFO - Req was made 
13.1.2023, 21:46:14 - DEBUG - Getting Toys 
13.1.2023, 21:50:47 - INFO - Server is running on port: 3030 
13.1.2023, 21:50:56 - INFO - Req was made 
13.1.2023, 21:50:56 - DEBUG - Getting Toys 
13.1.2023, 21:50:56 - INFO - Req was made 
13.1.2023, 21:50:56 - DEBUG - Getting Toys 
13.1.2023, 21:50:57 - INFO - Req was made 
13.1.2023, 21:50:57 - DEBUG - Getting Toys 
13.1.2023, 21:50:57 - INFO - Req was made 
13.1.2023, 21:50:57 - DEBUG - Getting Toys 
13.1.2023, 21:56:47 - INFO - Req was made 
13.1.2023, 21:56:47 - DEBUG - Getting Toys 
13.1.2023, 21:56:47 - INFO - Req was made 
13.1.2023, 21:56:47 - DEBUG - Getting Toys 
13.1.2023, 21:57:04 - INFO - Req was made 
13.1.2023, 21:57:04 - DEBUG - Getting Toys 
13.1.2023, 21:57:04 - INFO - Req was made 
13.1.2023, 21:57:04 - DEBUG - Getting Toys 
13.1.2023, 21:57:07 - INFO - Req was made 
13.1.2023, 21:57:07 - DEBUG - Getting Toys 
13.1.2023, 21:57:07 - INFO - Req was made 
13.1.2023, 21:57:07 - DEBUG - Getting Toys 
13.1.2023, 21:57:10 - INFO - Req was made 
13.1.2023, 21:57:10 - DEBUG - Getting Toys 
13.1.2023, 21:57:10 - INFO - Req was made 
13.1.2023, 21:57:10 - DEBUG - Getting Toys 
13.1.2023, 21:57:13 - INFO - Req was made 
13.1.2023, 21:57:13 - DEBUG - Getting Toys 
13.1.2023, 21:57:13 - INFO - Req was made 
13.1.2023, 21:57:13 - DEBUG - Getting Toys 
13.1.2023, 21:57:16 - INFO - Req was made 
13.1.2023, 21:57:16 - DEBUG - Getting Toys 
13.1.2023, 21:57:16 - INFO - Req was made 
13.1.2023, 21:57:16 - DEBUG - Getting Toys 
13.1.2023, 21:57:25 - INFO - Req was made 
13.1.2023, 21:57:25 - DEBUG - Getting Toys 
13.1.2023, 21:57:25 - INFO - Req was made 
13.1.2023, 21:57:25 - DEBUG - Getting Toys 
13.1.2023, 21:57:30 - INFO - Req was made 
13.1.2023, 21:57:30 - DEBUG - Getting Toys 
13.1.2023, 21:57:30 - INFO - Req was made 
13.1.2023, 21:57:30 - DEBUG - Getting Toys 
13.1.2023, 21:57:51 - INFO - Req was made 
13.1.2023, 21:57:51 - DEBUG - Getting Toys 
13.1.2023, 21:57:51 - INFO - Req was made 
13.1.2023, 21:57:51 - DEBUG - Getting Toys 
13.1.2023, 21:57:54 - INFO - Req was made 
13.1.2023, 21:57:54 - DEBUG - Getting Toys 
13.1.2023, 21:57:54 - INFO - Req was made 
13.1.2023, 21:57:54 - DEBUG - Getting Toys 
13.1.2023, 21:57:58 - DEBUG - Getting Toys 
13.1.2023, 21:57:58 - INFO - Req was made 
13.1.2023, 21:57:58 - INFO - Req was made 
13.1.2023, 21:57:58 - DEBUG - Getting Toys 
13.1.2023, 21:58:09 - INFO - Req was made 
13.1.2023, 21:58:09 - DEBUG - Getting Toys 
13.1.2023, 21:58:09 - DEBUG - Getting Toys 
13.1.2023, 21:58:09 - INFO - Req was made 
13.1.2023, 21:58:38 - INFO - Req was made 
13.1.2023, 21:58:38 - DEBUG - Getting Toys 
13.1.2023, 21:58:38 - INFO - Req was made 
13.1.2023, 21:58:38 - DEBUG - Getting Toys 
13.1.2023, 21:59:34 - INFO - Server is running on port: 3030 
13.1.2023, 22:01:25 - INFO - Server is running on port: 3030 
13.1.2023, 22:01:34 - INFO - Server is running on port: 3030 
13.1.2023, 22:01:47 - INFO - Req was made 
13.1.2023, 22:01:47 - DEBUG - Getting Toys 
13.1.2023, 22:01:47 - INFO - Req was made 
13.1.2023, 22:01:47 - DEBUG - Getting Toys 
13.1.2023, 22:02:18 - INFO - Server is running on port: 3030 
13.1.2023, 22:02:23 - INFO - Req was made 
13.1.2023, 22:02:23 - DEBUG - Getting Toys 
13.1.2023, 22:02:23 - ERROR - cannot find toys | MongoServerError: unknown operator: $literal 
13.1.2023, 22:02:23 - ERROR - Failed to get toys | MongoServerError: unknown operator: $literal 
13.1.2023, 22:02:23 - INFO - Req was made 
13.1.2023, 22:02:23 - DEBUG - Getting Toys 
13.1.2023, 22:02:23 - ERROR - cannot find toys | MongoServerError: unknown operator: $literal 
13.1.2023, 22:02:23 - ERROR - Failed to get toys | MongoServerError: unknown operator: $literal 
13.1.2023, 22:02:24 - INFO - Req was made 
13.1.2023, 22:02:24 - DEBUG - Getting Toys 
13.1.2023, 22:02:24 - ERROR - cannot find toys | MongoServerError: unknown operator: $literal 
13.1.2023, 22:02:24 - ERROR - Failed to get toys | MongoServerError: unknown operator: $literal 
13.1.2023, 22:02:24 - INFO - Req was made 
13.1.2023, 22:02:24 - DEBUG - Getting Toys 
13.1.2023, 22:02:24 - ERROR - cannot find toys | MongoServerError: unknown operator: $literal 
13.1.2023, 22:02:24 - ERROR - Failed to get toys | MongoServerError: unknown operator: $literal 
13.1.2023, 22:04:49 - INFO - Server is running on port: 3030 
13.1.2023, 22:04:52 - INFO - Req was made 
13.1.2023, 22:04:52 - DEBUG - Getting Toys 
13.1.2023, 22:04:52 - INFO - Req was made 
13.1.2023, 22:04:52 - DEBUG - Getting Toys 
13.1.2023, 22:08:41 - INFO - Server is running on port: 3030 
13.1.2023, 22:09:29 - INFO - Server is running on port: 3030 
13.1.2023, 22:09:31 - INFO - Server is running on port: 3030 
13.1.2023, 22:11:31 - INFO - Server is running on port: 3030 
13.1.2023, 22:11:48 - INFO - Server is running on port: 3030 
13.1.2023, 22:12:09 - INFO - Server is running on port: 3030 
13.1.2023, 22:12:11 - INFO - Server is running on port: 3030 
13.1.2023, 22:12:21 - INFO - Server is running on port: 3030 
13.1.2023, 22:12:35 - INFO - Server is running on port: 3030 
13.1.2023, 22:12:44 - INFO - Req was made 
13.1.2023, 22:12:44 - DEBUG - Getting Toys 
13.1.2023, 22:12:44 - ERROR - cannot find toys | MongoServerError: unknown operator: $literal 
13.1.2023, 22:12:44 - ERROR - Failed to get toys | MongoServerError: unknown operator: $literal 
13.1.2023, 22:12:44 - INFO - Req was made 
13.1.2023, 22:12:44 - DEBUG - Getting Toys 
13.1.2023, 22:12:44 - ERROR - cannot find toys | MongoServerError: unknown operator: $literal 
13.1.2023, 22:12:44 - ERROR - Failed to get toys | MongoServerError: unknown operator: $literal 
13.1.2023, 22:13:15 - INFO - Server is running on port: 3030 
13.1.2023, 22:13:20 - INFO - Req was made 
13.1.2023, 22:13:20 - DEBUG - Getting Toys 
13.1.2023, 22:13:20 - INFO - Req was made 
13.1.2023, 22:13:20 - DEBUG - Getting Toys 
13.1.2023, 22:13:23 - INFO - Req was made 
13.1.2023, 22:13:23 - DEBUG - Getting Toys 
13.1.2023, 22:13:28 - INFO - Req was made 
13.1.2023, 22:13:28 - DEBUG - Getting Toys 
13.1.2023, 22:13:52 - INFO - Req was made 
13.1.2023, 22:13:52 - DEBUG - Getting Toys 
13.1.2023, 22:14:23 - INFO - Server is running on port: 3030 
13.1.2023, 22:14:26 - INFO - Req was made 
13.1.2023, 22:14:26 - DEBUG - Getting Toys 
13.1.2023, 22:14:26 - ERROR - cannot find toys | ReferenceError: inStock is not defined 
13.1.2023, 22:14:26 - ERROR - Failed to get toys | ReferenceError: inStock is not defined 
13.1.2023, 22:14:26 - INFO - Req was made 
13.1.2023, 22:14:26 - DEBUG - Getting Toys 
13.1.2023, 22:14:26 - ERROR - cannot find toys | ReferenceError: inStock is not defined 
13.1.2023, 22:14:26 - ERROR - Failed to get toys | ReferenceError: inStock is not defined 
13.1.2023, 22:14:27 - INFO - Req was made 
13.1.2023, 22:14:27 - DEBUG - Getting Toys 
13.1.2023, 22:14:27 - ERROR - cannot find toys | ReferenceError: inStock is not defined 
13.1.2023, 22:14:27 - ERROR - Failed to get toys | ReferenceError: inStock is not defined 
13.1.2023, 22:14:27 - INFO - Req was made 
13.1.2023, 22:14:27 - DEBUG - Getting Toys 
13.1.2023, 22:14:27 - ERROR - cannot find toys | ReferenceError: inStock is not defined 
13.1.2023, 22:14:27 - ERROR - Failed to get toys | ReferenceError: inStock is not defined 
13.1.2023, 22:15:03 - INFO - Server is running on port: 3030 
13.1.2023, 22:15:05 - INFO - Server is running on port: 3030 
13.1.2023, 22:15:10 - INFO - Req was made 
13.1.2023, 22:15:10 - DEBUG - Getting Toys 
13.1.2023, 22:15:10 - INFO - Req was made 
13.1.2023, 22:15:10 - DEBUG - Getting Toys 
13.1.2023, 22:15:12 - INFO - Req was made 
13.1.2023, 22:15:12 - DEBUG - Getting Toys 
13.1.2023, 22:15:12 - INFO - Req was made 
13.1.2023, 22:15:12 - DEBUG - Getting Toys 
13.1.2023, 22:15:27 - INFO - Server is running on port: 3030 
13.1.2023, 22:15:32 - INFO - Req was made 
13.1.2023, 22:15:32 - DEBUG - Getting Toys 
13.1.2023, 22:15:32 - INFO - Req was made 
13.1.2023, 22:15:32 - DEBUG - Getting Toys 
13.1.2023, 22:15:37 - INFO - Server is running on port: 3030 
13.1.2023, 22:15:39 - INFO - Req was made 
13.1.2023, 22:15:39 - DEBUG - Getting Toys 
13.1.2023, 22:15:39 - INFO - Req was made 
13.1.2023, 22:15:39 - DEBUG - Getting Toys 
13.1.2023, 22:15:47 - INFO - Req was made 
13.1.2023, 22:15:47 - DEBUG - Getting Toys 
13.1.2023, 22:16:56 - INFO - Server is running on port: 3030 
13.1.2023, 22:16:58 - INFO - Server is running on port: 3030 
13.1.2023, 22:17:00 - INFO - Server is running on port: 3030 
13.1.2023, 22:17:06 - INFO - Server is running on port: 3030 
13.1.2023, 22:17:08 - INFO - Server is running on port: 3030 
13.1.2023, 22:17:14 - INFO - Req was made 
13.1.2023, 22:17:14 - DEBUG - Getting Toys 
13.1.2023, 22:17:14 - INFO - Req was made 
13.1.2023, 22:17:14 - DEBUG - Getting Toys 
13.1.2023, 22:17:18 - INFO - Req was made 
13.1.2023, 22:17:18 - DEBUG - Getting Toys 
13.1.2023, 22:17:31 - INFO - Req was made 
13.1.2023, 22:17:31 - DEBUG - Getting Toys 
13.1.2023, 22:18:06 - INFO - Server is running on port: 3030 
13.1.2023, 22:18:16 - DEBUG - Getting Toys 
13.1.2023, 22:18:16 - INFO - Req was made 
13.1.2023, 22:18:16 - INFO - Req was made 
13.1.2023, 22:18:16 - DEBUG - Getting Toys 
13.1.2023, 22:18:20 - INFO - Req was made 
13.1.2023, 22:18:20 - DEBUG - Getting Toys 
13.1.2023, 22:19:23 - INFO - Server is running on port: 3030 
13.1.2023, 22:20:19 - INFO - Server is running on port: 3030 
13.1.2023, 22:20:22 - INFO - Server is running on port: 3030 
13.1.2023, 22:20:32 - INFO - Req was made 
13.1.2023, 22:20:32 - DEBUG - Getting Toys 
13.1.2023, 22:20:32 - INFO - Req was made 
13.1.2023, 22:20:32 - DEBUG - Getting Toys 
13.1.2023, 22:20:33 - INFO - Req was made 
13.1.2023, 22:20:33 - DEBUG - Getting Toys 
13.1.2023, 22:20:41 - INFO - Server is running on port: 3030 
13.1.2023, 22:20:44 - INFO - Server is running on port: 3030 
13.1.2023, 22:20:46 - INFO - Server is running on port: 3030 
13.1.2023, 22:20:47 - INFO - Server is running on port: 3030 
13.1.2023, 22:20:54 - INFO - Req was made 
13.1.2023, 22:20:54 - DEBUG - Getting Toys 
13.1.2023, 22:20:54 - INFO - Req was made 
13.1.2023, 22:20:54 - DEBUG - Getting Toys 
13.1.2023, 22:20:55 - INFO - Req was made 
13.1.2023, 22:20:55 - DEBUG - Getting Toys 
13.1.2023, 22:22:02 - INFO - Server is running on port: 3030 
13.1.2023, 22:22:09 - INFO - Server is running on port: 3030 
13.1.2023, 22:22:12 - INFO - Server is running on port: 3030 
13.1.2023, 22:22:22 - INFO - Server is running on port: 3030 
13.1.2023, 22:22:33 - INFO - Server is running on port: 3030 
13.1.2023, 22:22:51 - INFO - Server is running on port: 3030 
13.1.2023, 22:22:59 - INFO - Server is running on port: 3030 
13.1.2023, 22:23:04 - INFO - Req was made 
13.1.2023, 22:23:04 - DEBUG - Getting Toys 
13.1.2023, 22:23:04 - INFO - Req was made 
13.1.2023, 22:23:04 - DEBUG - Getting Toys 
13.1.2023, 22:23:05 - INFO - Req was made 
13.1.2023, 22:23:05 - DEBUG - Getting Toys 
13.1.2023, 22:23:05 - INFO - Req was made 
13.1.2023, 22:23:05 - DEBUG - Getting Toys 
13.1.2023, 22:25:25 - INFO - Req was made 
13.1.2023, 22:25:25 - DEBUG - Getting Toys 
13.1.2023, 22:25:57 - INFO - Server is running on port: 3030 
13.1.2023, 22:26:01 - INFO - Req was made 
13.1.2023, 22:26:01 - DEBUG - Getting Toys 
13.1.2023, 22:26:01 - INFO - Req was made 
13.1.2023, 22:26:01 - DEBUG - Getting Toys 
13.1.2023, 22:26:03 - INFO - Req was made 
13.1.2023, 22:26:03 - DEBUG - Getting Toys 
13.1.2023, 22:26:12 - INFO - Req was made 
13.1.2023, 22:26:12 - DEBUG - Getting Toys 
13.1.2023, 22:28:05 - INFO - Server is running on port: 3030 
13.1.2023, 22:28:15 - INFO - Server is running on port: 3030 
13.1.2023, 22:28:37 - INFO - Server is running on port: 3030 
13.1.2023, 22:28:42 - INFO - Server is running on port: 3030 
13.1.2023, 22:28:56 - INFO - Server is running on port: 3030 
13.1.2023, 22:29:03 - INFO - Server is running on port: 3030 
13.1.2023, 22:29:10 - INFO - Req was made 
13.1.2023, 22:29:10 - DEBUG - Getting Toys 
13.1.2023, 22:29:10 - INFO - Req was made 
13.1.2023, 22:29:10 - DEBUG - Getting Toys 
13.1.2023, 22:29:12 - INFO - Req was made 
13.1.2023, 22:29:12 - DEBUG - Getting Toys 
13.1.2023, 22:29:41 - INFO - Req was made 
13.1.2023, 22:29:41 - DEBUG - Getting Toys 
13.1.2023, 22:29:50 - INFO - Req was made 
13.1.2023, 22:29:50 - DEBUG - Getting Toys 
13.1.2023, 22:30:42 - INFO - Server is running on port: 3030 
13.1.2023, 22:30:46 - INFO - Req was made 
13.1.2023, 22:30:46 - DEBUG - Getting Toys 
13.1.2023, 22:30:46 - INFO - Req was made 
13.1.2023, 22:30:46 - DEBUG - Getting Toys 
13.1.2023, 22:31:00 - DEBUG - Getting Toys 
13.1.2023, 22:31:00 - INFO - Req was made 
13.1.2023, 22:31:28 - INFO - Server is running on port: 3030 
13.1.2023, 22:31:29 - INFO - Server is running on port: 3030 
13.1.2023, 22:31:32 - INFO - Req was made 
13.1.2023, 22:31:32 - DEBUG - Getting Toys 
13.1.2023, 22:31:32 - INFO - Req was made 
13.1.2023, 22:31:32 - DEBUG - Getting Toys 
13.1.2023, 22:31:35 - INFO - Req was made 
13.1.2023, 22:31:35 - DEBUG - Getting Toys 
13.1.2023, 22:31:55 - INFO - Server is running on port: 3030 
13.1.2023, 22:31:57 - INFO - Server is running on port: 3030 
13.1.2023, 22:32:34 - INFO - Server is running on port: 3030 
13.1.2023, 22:32:40 - INFO - Server is running on port: 3030 
13.1.2023, 22:32:42 - INFO - Server is running on port: 3030 
13.1.2023, 22:32:55 - INFO - Server is running on port: 3030 
13.1.2023, 22:32:59 - INFO - Req was made 
13.1.2023, 22:32:59 - DEBUG - Getting Toys 
13.1.2023, 22:32:59 - INFO - Req was made 
13.1.2023, 22:32:59 - DEBUG - Getting Toys 
13.1.2023, 22:33:01 - INFO - Req was made 
13.1.2023, 22:33:01 - DEBUG - Getting Toys 
13.1.2023, 22:33:22 - INFO - Server is running on port: 3030 
13.1.2023, 22:33:25 - INFO - Req was made 
13.1.2023, 22:33:25 - DEBUG - Getting Toys 
13.1.2023, 22:33:26 - INFO - Req was made 
13.1.2023, 22:33:26 - DEBUG - Getting Toys 
13.1.2023, 22:33:27 - INFO - Req was made 
13.1.2023, 22:33:27 - DEBUG - Getting Toys 
13.1.2023, 22:35:37 - INFO - Server is running on port: 3030 
13.1.2023, 22:35:41 - INFO - Server is running on port: 3030 
13.1.2023, 22:35:59 - INFO - Server is running on port: 3030 
13.1.2023, 22:36:04 - INFO - Server is running on port: 3030 
13.1.2023, 22:36:06 - INFO - Req was made 
13.1.2023, 22:36:06 - DEBUG - Getting Toys 
13.1.2023, 22:36:06 - ERROR - cannot find toys | MongoServerError: $regex has to be a string 
13.1.2023, 22:36:06 - ERROR - Failed to get toys | MongoServerError: $regex has to be a string 
13.1.2023, 22:36:06 - INFO - Req was made 
13.1.2023, 22:36:06 - DEBUG - Getting Toys 
13.1.2023, 22:36:06 - ERROR - cannot find toys | MongoServerError: $regex has to be a string 
13.1.2023, 22:36:06 - ERROR - Failed to get toys | MongoServerError: $regex has to be a string 
13.1.2023, 22:36:07 - INFO - Req was made 
13.1.2023, 22:36:07 - DEBUG - Getting Toys 
13.1.2023, 22:36:07 - ERROR - cannot find toys | MongoServerError: $regex has to be a string 
13.1.2023, 22:36:07 - ERROR - Failed to get toys | MongoServerError: $regex has to be a string 
13.1.2023, 22:36:07 - INFO - Req was made 
13.1.2023, 22:36:07 - DEBUG - Getting Toys 
13.1.2023, 22:36:07 - ERROR - cannot find toys | MongoServerError: $regex has to be a string 
13.1.2023, 22:36:07 - ERROR - Failed to get toys | MongoServerError: $regex has to be a string 
13.1.2023, 22:36:07 - INFO - Req was made 
13.1.2023, 22:36:07 - DEBUG - Getting Toys 
13.1.2023, 22:36:07 - ERROR - cannot find toys | MongoServerError: $regex has to be a string 
13.1.2023, 22:36:07 - ERROR - Failed to get toys | MongoServerError: $regex has to be a string 
13.1.2023, 22:36:07 - INFO - Req was made 
13.1.2023, 22:36:07 - DEBUG - Getting Toys 
13.1.2023, 22:36:07 - ERROR - cannot find toys | MongoServerError: $regex has to be a string 
13.1.2023, 22:36:07 - ERROR - Failed to get toys | MongoServerError: $regex has to be a string 
13.1.2023, 22:36:07 - INFO - Req was made 
13.1.2023, 22:36:07 - DEBUG - Getting Toys 
13.1.2023, 22:36:07 - ERROR - cannot find toys | MongoServerError: $regex has to be a string 
13.1.2023, 22:36:07 - ERROR - Failed to get toys | MongoServerError: $regex has to be a string 
13.1.2023, 22:36:07 - INFO - Req was made 
13.1.2023, 22:36:07 - DEBUG - Getting Toys 
13.1.2023, 22:36:07 - ERROR - cannot find toys | MongoServerError: $regex has to be a string 
13.1.2023, 22:36:07 - ERROR - Failed to get toys | MongoServerError: $regex has to be a string 
13.1.2023, 22:36:08 - DEBUG - Getting Toys 
13.1.2023, 22:36:08 - INFO - Req was made 
13.1.2023, 22:36:08 - ERROR - cannot find toys | MongoServerError: $regex has to be a string 
13.1.2023, 22:36:08 - ERROR - Failed to get toys | MongoServerError: $regex has to be a string 
13.1.2023, 22:36:08 - INFO - Req was made 
13.1.2023, 22:36:08 - DEBUG - Getting Toys 
13.1.2023, 22:36:08 - ERROR - cannot find toys | MongoServerError: $regex has to be a string 
13.1.2023, 22:36:08 - ERROR - Failed to get toys | MongoServerError: $regex has to be a string 
13.1.2023, 22:36:35 - INFO - Server is running on port: 3030 
13.1.2023, 22:36:37 - INFO - Req was made 
13.1.2023, 22:36:37 - DEBUG - Getting Toys 
13.1.2023, 22:36:37 - ERROR - cannot find toys | MongoServerError: $regex has to be a string 
13.1.2023, 22:36:37 - ERROR - Failed to get toys | MongoServerError: $regex has to be a string 
13.1.2023, 22:36:37 - INFO - Req was made 
13.1.2023, 22:36:37 - DEBUG - Getting Toys 
13.1.2023, 22:36:37 - ERROR - cannot find toys | MongoServerError: $regex has to be a string 
13.1.2023, 22:36:37 - ERROR - Failed to get toys | MongoServerError: $regex has to be a string 
13.1.2023, 22:36:40 - INFO - Req was made 
13.1.2023, 22:36:40 - DEBUG - Getting Toys 
13.1.2023, 22:36:40 - ERROR - cannot find toys | MongoServerError: $regex has to be a string 
13.1.2023, 22:36:40 - ERROR - Failed to get toys | MongoServerError: $regex has to be a string 
13.1.2023, 22:36:57 - INFO - Server is running on port: 3030 
13.1.2023, 22:36:59 - INFO - Server is running on port: 3030 
13.1.2023, 22:37:01 - INFO - Server is running on port: 3030 
13.1.2023, 22:37:06 - INFO - Req was made 
13.1.2023, 22:37:06 - DEBUG - Getting Toys 
13.1.2023, 22:37:07 - INFO - Req was made 
13.1.2023, 22:37:07 - DEBUG - Getting Toys 
13.1.2023, 22:37:41 - INFO - Server is running on port: 3030 
13.1.2023, 22:37:46 - INFO - Server is running on port: 3030 
13.1.2023, 22:37:53 - INFO - Server is running on port: 3030 
13.1.2023, 22:38:03 - INFO - Req was made 
13.1.2023, 22:38:03 - DEBUG - Getting Toys 
13.1.2023, 22:38:03 - INFO - Req was made 
13.1.2023, 22:38:03 - DEBUG - Getting Toys 
13.1.2023, 22:38:15 - INFO - Req was made 
13.1.2023, 22:38:15 - DEBUG - Getting Toys 
13.1.2023, 22:38:36 - INFO - Req was made 
13.1.2023, 22:38:36 - DEBUG - Getting Toys 
13.1.2023, 22:39:58 - INFO - Req was made 
13.1.2023, 22:39:58 - DEBUG - Getting Toys 
13.1.2023, 22:39:58 - INFO - Req was made 
13.1.2023, 22:39:58 - DEBUG - Getting Toys 
13.1.2023, 22:52:21 - INFO - Server is running on port: 3030 
13.1.2023, 22:52:29 - INFO - Server is running on port: 3030 
13.1.2023, 23:06:48 - INFO - Req was made 
13.1.2023, 23:06:48 - DEBUG - Getting Toys 
13.1.2023, 23:06:48 - INFO - Req was made 
13.1.2023, 23:06:48 - DEBUG - Getting Toys 
13.1.2023, 23:13:48 - INFO - Req was made 
13.1.2023, 23:13:48 - DEBUG - Getting Toys 
13.1.2023, 23:13:48 - INFO - Req was made 
13.1.2023, 23:13:48 - DEBUG - Getting Toys 
13.1.2023, 23:14:07 - INFO - Req was made 
13.1.2023, 23:14:07 - DEBUG - Getting Toys 
13.1.2023, 23:14:16 - INFO - Req was made 
13.1.2023, 23:14:16 - DEBUG - Getting Toys 
13.1.2023, 23:15:12 - INFO - Req was made 
13.1.2023, 23:15:12 - DEBUG - Getting Toys 
13.1.2023, 23:15:17 - INFO - Req was made 
13.1.2023, 23:15:17 - DEBUG - Getting Toys 
13.1.2023, 23:15:25 - INFO - Req was made 
13.1.2023, 23:15:25 - DEBUG - Getting Toys 
13.1.2023, 23:15:25 - INFO - Req was made 
13.1.2023, 23:15:25 - DEBUG - Getting Toys 
13.1.2023, 23:17:20 - INFO - Req was made 
13.1.2023, 23:17:20 - DEBUG - Getting Toys 
13.1.2023, 23:17:20 - INFO - Req was made 
13.1.2023, 23:17:20 - DEBUG - Getting Toys 
13.1.2023, 23:19:31 - INFO - Req was made 
13.1.2023, 23:19:31 - DEBUG - Getting Toys 
13.1.2023, 23:19:31 - INFO - Req was made 
13.1.2023, 23:19:31 - DEBUG - Getting Toys 
13.1.2023, 23:20:17 - INFO - Req was made 
13.1.2023, 23:20:17 - DEBUG - Getting Toys 
13.1.2023, 23:20:17 - INFO - Req was made 
13.1.2023, 23:20:17 - DEBUG - Getting Toys 
13.1.2023, 23:21:29 - INFO - Req was made 
13.1.2023, 23:21:29 - DEBUG - Getting Toys 
13.1.2023, 23:21:29 - INFO - Req was made 
13.1.2023, 23:21:29 - DEBUG - Getting Toys 
13.1.2023, 23:22:02 - INFO - Req was made 
13.1.2023, 23:22:02 - DEBUG - Getting Toys 
13.1.2023, 23:22:05 - DEBUG - Getting Toys 
13.1.2023, 23:22:05 - INFO - Req was made 
13.1.2023, 23:23:19 - INFO - Req was made 
13.1.2023, 23:23:19 - DEBUG - Getting Toys 
13.1.2023, 23:23:24 - INFO - Req was made 
13.1.2023, 23:23:24 - DEBUG - Getting Toys 
13.1.2023, 23:37:19 - INFO - Req was made 
13.1.2023, 23:37:19 - DEBUG - Getting Toys 
13.1.2023, 23:37:19 - INFO - Req was made 
13.1.2023, 23:37:19 - DEBUG - Getting Toys 
13.1.2023, 23:39:07 - INFO - Req was made 
13.1.2023, 23:39:07 - DEBUG - Getting Toys 
13.1.2023, 23:39:07 - INFO - Req was made 
13.1.2023, 23:39:07 - DEBUG - Getting Toys 
13.1.2023, 23:39:39 - DEBUG - Getting Toys 
13.1.2023, 23:39:39 - INFO - Req was made 
13.1.2023, 23:39:39 - INFO - Req was made 
13.1.2023, 23:39:39 - DEBUG - Getting Toys 
13.1.2023, 23:41:25 - INFO - Req was made 
13.1.2023, 23:41:25 - DEBUG - Getting Toys 
13.1.2023, 23:41:25 - DEBUG - Getting Toys 
13.1.2023, 23:41:25 - INFO - Req was made 
13.1.2023, 23:41:30 - INFO - Req was made 
13.1.2023, 23:41:30 - DEBUG - Getting Toys 
13.1.2023, 23:41:30 - INFO - Req was made 
13.1.2023, 23:41:30 - DEBUG - Getting Toys 
13.1.2023, 23:41:53 - DEBUG - Getting Toys 
13.1.2023, 23:41:53 - INFO - Req was made 
13.1.2023, 23:41:53 - INFO - Req was made 
13.1.2023, 23:41:53 - DEBUG - Getting Toys 
13.1.2023, 23:42:11 - INFO - Req was made 
13.1.2023, 23:42:11 - DEBUG - Getting Toys 
13.1.2023, 23:42:11 - INFO - Req was made 
13.1.2023, 23:42:11 - DEBUG - Getting Toys 
13.1.2023, 23:42:49 - DEBUG - Getting Toys 
13.1.2023, 23:42:49 - INFO - Req was made 
13.1.2023, 23:42:49 - INFO - Req was made 
13.1.2023, 23:42:49 - DEBUG - Getting Toys 
13.1.2023, 23:43:33 - INFO - Req was made 
13.1.2023, 23:43:33 - DEBUG - Getting Toys 
13.1.2023, 23:43:33 - INFO - Req was made 
13.1.2023, 23:43:33 - DEBUG - Getting Toys 
13.1.2023, 23:44:06 - DEBUG - Getting Toys 
13.1.2023, 23:44:06 - INFO - Req was made 
13.1.2023, 23:44:06 - INFO - Req was made 
13.1.2023, 23:44:06 - DEBUG - Getting Toys 
13.1.2023, 23:44:41 - INFO - Req was made 
13.1.2023, 23:44:41 - DEBUG - Getting Toys 
13.1.2023, 23:44:42 - INFO - Req was made 
13.1.2023, 23:44:42 - DEBUG - Getting Toys 
13.1.2023, 23:51:16 - INFO - Req was made 
13.1.2023, 23:51:16 - DEBUG - Getting Toys 
13.1.2023, 23:51:23 - INFO - Req was made 
13.1.2023, 23:51:23 - DEBUG - Getting Toys 
13.1.2023, 23:51:24 - INFO - Req was made 
13.1.2023, 23:51:24 - DEBUG - Getting Toys 
13.1.2023, 23:51:37 - DEBUG - Getting Toys 
13.1.2023, 23:51:37 - INFO - Req was made 
13.1.2023, 23:51:52 - INFO - Req was made 
13.1.2023, 23:51:52 - DEBUG - Getting Toys 
13.1.2023, 23:51:52 - INFO - Req was made 
13.1.2023, 23:51:52 - DEBUG - Getting Toys 
13.1.2023, 23:51:59 - DEBUG - Getting Toys 
13.1.2023, 23:51:59 - INFO - Req was made 
13.1.2023, 23:51:59 - INFO - Req was made 
13.1.2023, 23:51:59 - DEBUG - Getting Toys 
13.1.2023, 23:53:25 - INFO - Req was made 
13.1.2023, 23:53:25 - DEBUG - Getting Toys 
13.1.2023, 23:53:25 - INFO - Req was made 
13.1.2023, 23:53:25 - DEBUG - Getting Toys 
13.1.2023, 23:54:01 - INFO - Req was made 
13.1.2023, 23:54:01 - DEBUG - Getting Toys 
13.1.2023, 23:54:01 - INFO - Req was made 
13.1.2023, 23:54:01 - DEBUG - Getting Toys 
13.1.2023, 23:54:05 - INFO - Req was made 
13.1.2023, 23:54:05 - DEBUG - Getting Toys 
13.1.2023, 23:54:05 - DEBUG - Getting Toys 
13.1.2023, 23:54:05 - INFO - Req was made 
13.1.2023, 23:54:55 - INFO - Req was made 
13.1.2023, 23:54:55 - DEBUG - Getting Toys 
13.1.2023, 23:55:00 - INFO - Req was made 
13.1.2023, 23:55:00 - DEBUG - Getting Toys 
13.1.2023, 23:55:32 - INFO - Req was made 
13.1.2023, 23:55:32 - DEBUG - Getting Toys 
13.1.2023, 23:55:32 - INFO - Req was made 
13.1.2023, 23:55:32 - DEBUG - Getting Toys 
13.1.2023, 23:55:36 - INFO - Req was made 
13.1.2023, 23:55:36 - DEBUG - Getting Toys 
13.1.2023, 23:55:36 - INFO - Req was made 
13.1.2023, 23:55:36 - DEBUG - Getting Toys 
13.1.2023, 23:56:40 - INFO - Req was made 
13.1.2023, 23:56:40 - DEBUG - Getting Toys 
13.1.2023, 23:56:40 - INFO - Req was made 
13.1.2023, 23:56:40 - DEBUG - Getting Toys 
13.1.2023, 23:58:53 - INFO - Req was made 
13.1.2023, 23:58:53 - DEBUG - Getting Toys 
13.1.2023, 23:58:53 - DEBUG - Getting Toys 
13.1.2023, 23:58:53 - INFO - Req was made 
13.1.2023, 23:59:06 - INFO - Req was made 
13.1.2023, 23:59:06 - DEBUG - Getting Toys 
13.1.2023, 23:59:06 - INFO - Req was made 
13.1.2023, 23:59:06 - DEBUG - Getting Toys 
14.1.2023, 0:00:58 - DEBUG - Getting Toys 
14.1.2023, 0:00:58 - INFO - Req was made 
14.1.2023, 0:00:58 - INFO - Req was made 
14.1.2023, 0:00:58 - DEBUG - Getting Toys 
14.1.2023, 0:01:33 - DEBUG - Getting Toys 
14.1.2023, 0:01:33 - INFO - Req was made 
14.1.2023, 0:01:33 - INFO - Req was made 
14.1.2023, 0:01:33 - DEBUG - Getting Toys 
14.1.2023, 0:01:40 - DEBUG - Getting Toys 
14.1.2023, 0:01:40 - INFO - Req was made 
14.1.2023, 0:01:40 - INFO - Req was made 
14.1.2023, 0:01:40 - DEBUG - Getting Toys 
14.1.2023, 0:02:57 - INFO - Req was made 
14.1.2023, 0:02:57 - DEBUG - Getting Toys 
14.1.2023, 0:02:57 - INFO - Req was made 
14.1.2023, 0:02:57 - DEBUG - Getting Toys 
14.1.2023, 23:22:45 - INFO - Server is running on port: 3030 
14.1.2023, 23:26:05 - INFO - Req was made 
14.1.2023, 23:26:05 - DEBUG - Getting Toys 
14.1.2023, 23:26:06 - INFO - Req was made 
14.1.2023, 23:26:06 - DEBUG - Getting Toys 
14.1.2023, 23:45:29 - INFO - Server is running on port: 3030 
14.1.2023, 23:47:03 - INFO - Server is running on port: 3030 
14.1.2023, 23:48:51 - INFO - Server is running on port: 3030 
14.1.2023, 23:48:58 - INFO - Server is running on port: 3030 
14.1.2023, 23:49:39 - INFO - Req was made 
14.1.2023, 23:49:39 - DEBUG - Getting Toys 
14.1.2023, 23:49:39 - INFO - Req was made 
14.1.2023, 23:49:39 - DEBUG - Getting Toys 
15.1.2023, 14:50:16 - INFO - Server is running on port: 3030 
15.1.2023, 15:14:36 - INFO - Server is running on port: 3030 
15.1.2023, 15:14:41 - INFO - Server is running on port: 3030 
15.1.2023, 15:32:38 - INFO - Server is running on port: 3030 
15.1.2023, 15:32:39 - INFO - Server is running on port: 3030 
15.1.2023, 15:32:44 - INFO - Server is running on port: 3030 
15.1.2023, 15:33:16 - DEBUG - auth.service - login with username: undefined 
15.1.2023, 15:33:16 - ERROR - Failed to Login Invalid username or password 
15.1.2023, 15:34:27 - INFO - Server is running on port: 3030 
15.1.2023, 15:34:41 - INFO - Server is running on port: 3030 
15.1.2023, 15:34:44 - INFO - Server is running on port: 3030 
15.1.2023, 15:34:49 - INFO - Server is running on port: 3030 
15.1.2023, 15:34:52 - INFO - Server is running on port: 3030 
15.1.2023, 15:34:55 - DEBUG - auth.service - login with username: undefined 
15.1.2023, 15:34:55 - ERROR - Failed to Login Invalid username or password 
15.1.2023, 15:35:18 - INFO - Server is running on port: 3030 
15.1.2023, 15:35:52 - INFO - Server is running on port: 3030 
15.1.2023, 15:35:53 - INFO - Server is running on port: 3030 
15.1.2023, 15:41:02 - DEBUG - auth.service - login with username: puki 
15.1.2023, 15:41:02 - ERROR - Failed to Login Invalid username or password 
15.1.2023, 15:42:41 - DEBUG - auth.service - login with username: puki 
15.1.2023, 15:42:41 - ERROR - Failed to Login Invalid username or password 
15.1.2023, 15:45:46 - DEBUG - auth.service - login with username: puki 
15.1.2023, 15:45:46 - ERROR - Failed to Login Invalid username or password 
15.1.2023, 15:46:24 - DEBUG - auth.service - login with username: keren 
15.1.2023, 15:46:24 - ERROR - Failed to Login Invalid username or password 
15.1.2023, 15:48:18 - INFO - Server is running on port: 3030 
15.1.2023, 15:48:19 - INFO - Server is running on port: 3030 
15.1.2023, 15:48:23 - INFO - Server is running on port: 3030 
15.1.2023, 15:48:30 - DEBUG - auth.service - login with username: keren 
15.1.2023, 15:48:30 - ERROR - Failed to Login Invalid username or password 
15.1.2023, 15:48:49 - INFO - Server is running on port: 3030 
15.1.2023, 15:48:58 - INFO - Server is running on port: 3030 
15.1.2023, 15:49:10 - INFO - Server is running on port: 3030 
15.1.2023, 15:49:16 - INFO - Server is running on port: 3030 
15.1.2023, 15:49:33 - DEBUG - auth.service - login with username: kerens969@gmail.com 
15.1.2023, 15:49:33 - ERROR - Failed to Login Invalid username or password 
15.1.2023, 15:49:50 - INFO - Server is running on port: 3030 
15.1.2023, 15:50:28 - INFO - Server is running on port: 3030 
15.1.2023, 15:50:29 - INFO - Server is running on port: 3030 
15.1.2023, 15:50:34 - INFO - Server is running on port: 3030 
15.1.2023, 15:50:40 - INFO - Server is running on port: 3030 
15.1.2023, 15:50:45 - INFO - Server is running on port: 3030 
15.1.2023, 15:50:47 - INFO - Server is running on port: 3030 
15.1.2023, 15:50:49 - INFO - Server is running on port: 3030 
15.1.2023, 15:51:00 - DEBUG - auth.service - login with username: kerens969@gmail.com 
15.1.2023, 15:51:00 - ERROR - Failed to Login Invalid username or password 
15.1.2023, 15:51:21 - INFO - Server is running on port: 3030 
15.1.2023, 15:51:22 - INFO - Server is running on port: 3030 
15.1.2023, 15:51:32 - DEBUG - auth.service - login with username: kerens969@gmail.com 
15.1.2023, 15:51:32 - ERROR - Failed to Login Invalid username or password 
15.1.2023, 15:51:56 - INFO - Server is running on port: 3030 
15.1.2023, 15:53:20 - DEBUG - auth.service - login with username: puki 
15.1.2023, 15:53:20 - ERROR - Failed to Login Invalid username or password 
15.1.2023, 15:53:44 - INFO - Server is running on port: 3030 
15.1.2023, 15:53:50 - INFO - Server is running on port: 3030 
15.1.2023, 15:54:00 - DEBUG - auth.service - login with username: puki 
15.1.2023, 15:54:00 - ERROR - Failed to Login Invalid username or password 
15.1.2023, 15:54:12 - INFO - Server is running on port: 3030 
15.1.2023, 15:54:25 - DEBUG - auth.service - login with username: puki 
15.1.2023, 15:54:25 - ERROR - Failed to Login Invalid username or password 
15.1.2023, 15:54:39 - INFO - Server is running on port: 3030 
15.1.2023, 15:54:44 - INFO - Server is running on port: 3030 
15.1.2023, 15:55:00 - DEBUG - auth.service - login with username: puki 
15.1.2023, 15:55:00 - ERROR - Failed to Login Invalid username or password 
15.1.2023, 15:55:30 - INFO - Server is running on port: 3030 
15.1.2023, 15:56:45 - INFO - Server is running on port: 3030 
15.1.2023, 15:56:49 - INFO - Server is running on port: 3030 
15.1.2023, 15:56:55 - INFO - Server is running on port: 3030 
15.1.2023, 15:57:08 - DEBUG - auth.service - login with username: puki 
15.1.2023, 15:57:08 - ERROR - Failed to Login Invalid username or password 
15.1.2023, 15:57:50 - DEBUG - auth.service - login with username: puki 
15.1.2023, 15:57:50 - ERROR - Failed to Login Invalid username or password 
15.1.2023, 15:58:17 - INFO - Server is running on port: 3030 
15.1.2023, 15:58:40 - INFO - Server is running on port: 3030 
15.1.2023, 15:58:44 - INFO - Server is running on port: 3030 
15.1.2023, 15:58:56 - DEBUG - auth.service - login with username: puki 
15.1.2023, 15:58:56 - ERROR - Failed to Login Invalid username or password 
15.1.2023, 15:59:21 - INFO - Server is running on port: 3030 
15.1.2023, 15:59:51 - INFO - Server is running on port: 3030 
15.1.2023, 15:59:55 - INFO - Server is running on port: 3030 
15.1.2023, 16:00:03 - DEBUG - auth.service - login with username: puki 
15.1.2023, 16:00:03 - ERROR - Failed to Login Invalid username or password 
15.1.2023, 16:00:18 - INFO - Server is running on port: 3030 
15.1.2023, 16:00:50 - INFO - Server is running on port: 3030 
15.1.2023, 16:00:54 - INFO - Server is running on port: 3030 
15.1.2023, 16:00:58 - INFO - Server is running on port: 3030 
15.1.2023, 16:01:05 - INFO - Server is running on port: 3030 
15.1.2023, 16:01:14 - DEBUG - auth.service - login with username: puki 
15.1.2023, 16:01:14 - ERROR - Failed to Login Invalid username or password 
15.1.2023, 16:01:27 - INFO - Server is running on port: 3030 
15.1.2023, 16:02:18 - INFO - Server is running on port: 3030 
15.1.2023, 16:02:25 - INFO - Server is running on port: 3030 
15.1.2023, 16:02:33 - DEBUG - auth.service - login with username: puki 
15.1.2023, 16:02:33 - ERROR - Failed to Login Invalid username or password 
15.1.2023, 16:02:54 - INFO - Server is running on port: 3030 
15.1.2023, 16:02:58 - INFO - Server is running on port: 3030 
15.1.2023, 16:03:00 - INFO - Server is running on port: 3030 
15.1.2023, 16:03:06 - INFO - Server is running on port: 3030 
15.1.2023, 16:03:08 - INFO - Server is running on port: 3030 
15.1.2023, 16:03:20 - DEBUG - auth.service - login with username: puki 
15.1.2023, 16:03:20 - ERROR - Failed to Login Invalid username or password 
15.1.2023, 16:11:44 - DEBUG - auth.service - signup with username: [object Object], fullname: undefined 
15.1.2023, 16:11:44 - ERROR - Failed to signup fullname, username and password are required! 
15.1.2023, 16:14:47 - INFO - Server is running on port: 3030 
15.1.2023, 16:14:59 - DEBUG - {"username":"shiki","password":"shiki","fullname":"shiki hopa"} 
15.1.2023, 16:14:59 - DEBUG - auth.service - signup with username: [object Object], fullname: undefined 
15.1.2023, 16:14:59 - ERROR - Failed to signup fullname, username and password are required! 
15.1.2023, 16:16:36 - INFO - Server is running on port: 3030 
15.1.2023, 16:16:39 - INFO - Server is running on port: 3030 
15.1.2023, 16:16:42 - INFO - Server is running on port: 3030 
15.1.2023, 16:16:50 - INFO - Server is running on port: 3030 
15.1.2023, 16:16:53 - INFO - Server is running on port: 3030 
15.1.2023, 16:16:55 - INFO - Server is running on port: 3030 
15.1.2023, 16:16:56 - INFO - Server is running on port: 3030 
15.1.2023, 16:16:59 - INFO - Server is running on port: 3030 
15.1.2023, 16:17:08 - INFO - Server is running on port: 3030 
15.1.2023, 16:17:13 - INFO - Server is running on port: 3030 
15.1.2023, 16:17:20 - DEBUG - {"username":"shiki","password":"shiki","fullname":"shiki hopa"} 
15.1.2023, 16:17:20 - DEBUG - auth.service - signup with username: [object Object], fullname: undefined 
15.1.2023, 16:17:20 - ERROR - Failed to signup fullname, username and password are required! 
15.1.2023, 16:17:38 - INFO - Server is running on port: 3030 
15.1.2023, 16:17:44 - INFO - Server is running on port: 3030 
15.1.2023, 16:17:46 - INFO - Server is running on port: 3030 
15.1.2023, 16:17:51 - INFO - Server is running on port: 3030 
15.1.2023, 16:17:54 - INFO - Server is running on port: 3030 
15.1.2023, 16:18:01 - DEBUG - {"username":"shiki","password":"shiki","fullname":"shiki hopa"} 
15.1.2023, 16:18:01 - DEBUG - auth.service - signup with username: [object Object], fullname: undefined 
15.1.2023, 16:18:01 - ERROR - Failed to signup fullname, username and password are required! 
15.1.2023, 16:18:25 - INFO - Server is running on port: 3030 
15.1.2023, 16:18:43 - DEBUG - {"username":"shiki","password":"shiki","fullname":"shiki hopa"} 
15.1.2023, 16:18:43 - DEBUG - auth.service - signup with username: [object Object], fullname: undefined 
15.1.2023, 16:18:43 - ERROR - Failed to signup fullname, username and password are required! 
15.1.2023, 16:19:01 - INFO - Server is running on port: 3030 
15.1.2023, 16:19:05 - INFO - Server is running on port: 3030 
15.1.2023, 16:19:11 - DEBUG - {"username":"shiki","password":"shiki","fullname":"shiki hopa"} 
15.1.2023, 16:19:11 - DEBUG - auth.service - signup with username: [object Object], fullname: undefined 
15.1.2023, 16:19:11 - ERROR - Failed to signup fullname, username and password are required! 
15.1.2023, 16:19:49 - INFO - Server is running on port: 3030 
15.1.2023, 16:19:55 - DEBUG - {"username":"shiki","password":"shiki","fullname":"shiki hopa"} 
15.1.2023, 16:19:55 - DEBUG - auth.service - signup with username: shiki, fullname: shiki hopa 
15.1.2023, 16:19:55 - DEBUG - auth.route - new account created: {"username":"shiki","password":"$2b$10$iZnC3Ht/i2VBCBIK2qR3mu90yQtzr3KvbAGhHawm0EdDD0aYr5WmO","fullname":"shiki hopa","score":0,"_id":"63c40b8b74f448ac0d5c3ec8"} 
15.1.2023, 16:19:55 - DEBUG - auth.service - login with username: shiki 
15.1.2023, 16:19:55 - INFO - User signup: | {"_id":"63c40b8b74f448ac0d5c3ec8","username":"shiki","fullname":"shiki hopa","score":0} 
15.1.2023, 16:20:19 - INFO - Server is running on port: 3030 
15.1.2023, 16:20:52 - INFO - Server is running on port: 3030 
15.1.2023, 16:22:56 - INFO - Req was made 
15.1.2023, 16:22:56 - DEBUG - Getting Toys 
15.1.2023, 16:22:56 - INFO - Req was made 
15.1.2023, 16:22:56 - DEBUG - Getting Toys 
15.1.2023, 16:23:03 - INFO - Req was made 
15.1.2023, 16:23:03 - DEBUG - Getting Toys 
15.1.2023, 16:23:03 - INFO - Req was made 
15.1.2023, 16:23:03 - DEBUG - Getting Toys 
15.1.2023, 16:23:22 - INFO - Req was made 
15.1.2023, 16:23:22 - DEBUG - Getting Toys 
15.1.2023, 16:23:22 - INFO - Req was made 
15.1.2023, 16:23:22 - DEBUG - Getting Toys 
15.1.2023, 16:24:18 - DEBUG - Getting Toys 
15.1.2023, 16:24:18 - INFO - Req was made 
15.1.2023, 16:24:18 - INFO - Req was made 
15.1.2023, 16:24:18 - DEBUG - Getting Toys 
15.1.2023, 16:24:47 - DEBUG - auth.service - login with username: shiki 
15.1.2023, 16:24:47 - INFO - User login:  | {"_id":"63c40b8b74f448ac0d5c3ec8","username":"shiki","fullname":"shiki hopa","score":0} 
15.1.2023, 16:28:31 - INFO - Req was made 
15.1.2023, 16:28:31 - DEBUG - Getting Toys 
15.1.2023, 16:28:31 - INFO - Req was made 
15.1.2023, 16:28:31 - DEBUG - Getting Toys 
15.1.2023, 16:48:09 - INFO - Req was made 
15.1.2023, 16:48:09 - DEBUG - Getting Toys 
15.1.2023, 16:48:09 - INFO - Req was made 
15.1.2023, 16:48:09 - DEBUG - Getting Toys 
15.1.2023, 16:49:49 - DEBUG - auth.service - login with username: shiki 
15.1.2023, 16:49:49 - INFO - User login:  | {"_id":"63c40b8b74f448ac0d5c3ec8","username":"shiki","fullname":"shiki hopa","score":0} 
15.1.2023, 16:51:06 - DEBUG - {"username":"keren","password":"emma","fullname":"Keren Siebner"} 
15.1.2023, 16:51:06 - DEBUG - auth.service - signup with username: keren, fullname: Keren Siebner 
15.1.2023, 16:51:06 - DEBUG - auth.service - login with username: keren 
15.1.2023, 16:51:06 - DEBUG - auth.route - new account created: {"username":"keren","password":"$2b$10$Ab.Fx5lExF6JHOGRsE7RB.MlP4eQuEljnM2AfTKzyxxzHqvynMyxa","fullname":"Keren Siebner","score":0,"_id":"63c412dae31f710b98c41692"} 
15.1.2023, 16:51:06 - INFO - User signup: | {"_id":"63c412dae31f710b98c41692","username":"keren","fullname":"Keren Siebner","score":0} 
15.1.2023, 16:51:26 - DEBUG - {"username":"gilad","password":"dani","fullname":"Gilad Zilberman"} 
15.1.2023, 16:51:26 - DEBUG - auth.service - signup with username: gilad, fullname: Gilad Zilberman 
15.1.2023, 16:51:26 - DEBUG - auth.route - new account created: {"username":"gilad","password":"$2b$10$rWFeEdNelpnz3gnV9GT//O8F0JaiHJsia4FBqMaIrHhFEZ8nZgttW","fullname":"Gilad Zilberman","score":0,"_id":"63c412eee31f710b98c41693"} 
15.1.2023, 16:51:26 - DEBUG - auth.service - login with username: gilad 
15.1.2023, 16:51:26 - INFO - User signup: | {"_id":"63c412eee31f710b98c41693","username":"gilad","fullname":"Gilad Zilberman","score":0} 
15.1.2023, 16:51:28 - DEBUG - auth.service - signup with username: gilad, fullname: Gilad Zilberman 
15.1.2023, 16:51:28 - DEBUG - {"username":"gilad","password":"dani","fullname":"Gilad Zilberman"} 
15.1.2023, 16:51:28 - DEBUG - auth.route - new account created: {"username":"gilad","password":"$2b$10$xVFLrXj24Lu3JXwyBYQkIe.nwLA.DkXa5IRPlTp/kGH17/jyBTMaq","fullname":"Gilad Zilberman","score":0,"_id":"63c412f0e31f710b98c41694"} 
15.1.2023, 16:51:28 - DEBUG - auth.service - login with username: gilad 
15.1.2023, 16:51:28 - INFO - User signup: | {"_id":"63c412eee31f710b98c41693","username":"gilad","fullname":"Gilad Zilberman","score":0} 
15.1.2023, 16:51:36 - DEBUG - auth.service - login with username: gilad 
15.1.2023, 16:51:36 - INFO - User login:  | {"_id":"63c412eee31f710b98c41693","username":"gilad","fullname":"Gilad Zilberman","score":0} 
15.1.2023, 16:51:44 - DEBUG - auth.service - login with username: keren 
15.1.2023, 16:51:44 - ERROR - Failed to Login Invalid username or password 
15.1.2023, 16:51:55 - DEBUG - auth.service - login with username: keren 
15.1.2023, 16:51:56 - INFO - User login:  | {"_id":"63c412dae31f710b98c41692","username":"keren","fullname":"Keren Siebner","score":0} 
15.1.2023, 16:52:06 - INFO - Req was made 
15.1.2023, 16:52:06 - DEBUG - Getting Toys 
15.1.2023, 16:52:06 - DEBUG - Getting Toys 
15.1.2023, 16:52:06 - INFO - Req was made 
15.1.2023, 16:53:06 - DEBUG - {"username":"admin","password":"admin","fullname":"admin"} 
15.1.2023, 16:53:06 - DEBUG - auth.service - signup with username: admin, fullname: admin 
15.1.2023, 16:53:06 - DEBUG - auth.route - new account created: {"username":"admin","password":"$2b$10$1ZpbO0C34DeAjK2RHbmLpultH4vR2m8l0EXdHA061zQB0PIm5w38i","fullname":"admin","score":0,"_id":"63c41352e31f710b98c41695"} 
15.1.2023, 16:53:06 - DEBUG - auth.service - login with username: admin 
15.1.2023, 16:53:06 - INFO - User signup: | {"_id":"63c41352e31f710b98c41695","username":"admin","fullname":"admin","score":0} 
15.1.2023, 17:03:32 - INFO - Server is running on port: 3030 
15.1.2023, 17:03:44 - DEBUG - auth.service - login with username: keren 
15.1.2023, 17:03:44 - INFO - User login:  | {"_id":"63c412dae31f710b98c41692","username":"keren","fullname":"Keren Siebner","score":0} 
15.1.2023, 17:04:07 - DEBUG - auth.service - login with username: keren 
15.1.2023, 17:04:07 - INFO - User login:  | {"_id":"63c412dae31f710b98c41692","username":"keren","fullname":"Keren Siebner","score":0} 
15.1.2023, 17:08:13 - DEBUG - auth.service - login with username: keren 
15.1.2023, 17:08:13 - INFO - User login:  | {"_id":"63c412dae31f710b98c41692","username":"keren","fullname":"Keren Siebner","score":0} 
15.1.2023, 17:17:08 - INFO - Req was made 
15.1.2023, 17:17:08 - DEBUG - Getting Toys 
15.1.2023, 17:17:08 - INFO - Req was made 
15.1.2023, 17:17:08 - DEBUG - Getting Toys 
15.1.2023, 17:37:38 - INFO - Req was made 
15.1.2023, 17:37:38 - DEBUG - Getting Toys 
15.1.2023, 17:37:38 - INFO - Req was made 
15.1.2023, 17:37:38 - DEBUG - Getting Toys 
15.1.2023, 17:37:38 - DEBUG - Getting Toys 
15.1.2023, 17:37:38 - INFO - Req was made 
15.1.2023, 17:37:38 - INFO - Req was made 
15.1.2023, 17:37:38 - DEBUG - Getting Toys 
15.1.2023, 17:37:38 - DEBUG - Getting Toys 
15.1.2023, 17:37:38 - INFO - Req was made 
15.1.2023, 17:37:38 - INFO - Req was made 
15.1.2023, 17:37:38 - DEBUG - Getting Toys 
15.1.2023, 17:37:39 - INFO - Req was made 
15.1.2023, 17:37:39 - DEBUG - Getting Toys 
15.1.2023, 17:37:39 - INFO - Req was made 
15.1.2023, 17:37:39 - DEBUG - Getting Toys 
15.1.2023, 17:37:39 - INFO - Req was made 
15.1.2023, 17:37:39 - DEBUG - Getting Toys 
15.1.2023, 17:37:39 - INFO - Req was made 
15.1.2023, 17:37:39 - DEBUG - Getting Toys 
15.1.2023, 17:37:39 - DEBUG - Getting Toys 
15.1.2023, 17:37:39 - INFO - Req was made 
15.1.2023, 20:09:40 - DEBUG - Getting Toys 
15.1.2023, 20:09:40 - INFO - Req was made 
15.1.2023, 20:09:49 - INFO - Req was made 
15.1.2023, 20:09:49 - DEBUG - Getting Toys 
15.1.2023, 20:09:49 - DEBUG - Getting Toys 
15.1.2023, 20:09:49 - INFO - Req was made 
15.1.2023, 20:10:26 - INFO - Req was made 
15.1.2023, 20:10:26 - DEBUG - Getting Toys 
15.1.2023, 20:10:36 - DEBUG - {"username":"puki","password":"123","fullname":"Puki Norma"} 
15.1.2023, 20:10:36 - DEBUG - auth.service - signup with username: puki, fullname: Puki Norma 
15.1.2023, 20:10:36 - DEBUG - Getting Toys 
15.1.2023, 20:10:36 - INFO - Req was made 
15.1.2023, 20:10:36 - DEBUG - auth.route - new account created: {"username":"puki","password":"$2b$10$UQaAKzoDVHa/ryd3/t4rTu6TQGXFyq1veejd.PapU9kRSGoiJn0cS","fullname":"Puki Norma","score":0,"_id":"63c4419c81c73966a8f49e01"} 
15.1.2023, 20:10:36 - DEBUG - auth.service - login with username: puki 
15.1.2023, 20:10:36 - INFO - User signup: | {"_id":"63c4419c81c73966a8f49e01","username":"puki","fullname":"Puki Norma","score":0} 
15.1.2023, 20:10:36 - DEBUG - {"username":"admin","password":"123","fullname":"Master Adminov"} 
15.1.2023, 20:10:36 - DEBUG - auth.service - signup with username: admin, fullname: Master Adminov 
15.1.2023, 20:10:36 - DEBUG - auth.route - new account created: {"username":"admin","password":"$2b$10$yn1rBgEhcjxrvKiuwYBKAeOivkjxVDTfFrhFgiFLce8f8cpVjwNOe","fullname":"Master Adminov","score":0,"_id":"63c4419c81c73966a8f49e02"} 
15.1.2023, 20:10:36 - DEBUG - auth.service - login with username: admin 
15.1.2023, 20:10:37 - ERROR - Failed to signup Invalid username or password 
15.1.2023, 20:10:55 - DEBUG - {"username":"puki","password":"123","fullname":"Puki Norma"} 
15.1.2023, 20:10:55 - DEBUG - auth.service - signup with username: puki, fullname: Puki Norma 
15.1.2023, 20:10:55 - INFO - Req was made 
15.1.2023, 20:10:55 - DEBUG - Getting Toys 
15.1.2023, 20:10:55 - DEBUG - auth.route - new account created: {"username":"puki","password":"$2b$10$GSHXVZp1jogM4NAXzns6YuXJr4aqpeLgHAV./GfxYo6Fd1jEAXxMe","fullname":"Puki Norma","score":0,"_id":"63c441af81c73966a8f49e03"} 
15.1.2023, 20:10:55 - DEBUG - auth.service - login with username: puki 
15.1.2023, 20:10:55 - INFO - User signup: | {"_id":"63c4419c81c73966a8f49e01","username":"puki","fullname":"Puki Norma","score":0} 
15.1.2023, 20:10:55 - DEBUG - auth.service - signup with username: admin, fullname: Master Adminov 
15.1.2023, 20:10:55 - DEBUG - {"username":"admin","password":"123","fullname":"Master Adminov"} 
15.1.2023, 20:10:55 - DEBUG - auth.route - new account created: {"username":"admin","password":"$2b$10$bhJCwIS1ETmUSUIa0xaDiOQ5eIhLBqnkeWsM6fu8vdCr5swPS1j9q","fullname":"Master Adminov","score":0,"_id":"63c441af81c73966a8f49e04"} 
15.1.2023, 20:10:55 - DEBUG - auth.service - login with username: admin 
15.1.2023, 20:10:56 - ERROR - Failed to signup Invalid username or password 
15.1.2023, 20:11:41 - DEBUG - {"username":"puki","password":"123","fullname":"Puki Norma"} 
15.1.2023, 20:11:41 - DEBUG - auth.service - signup with username: puki, fullname: Puki Norma 
15.1.2023, 20:11:41 - INFO - Req was made 
15.1.2023, 20:11:41 - DEBUG - Getting Toys 
15.1.2023, 20:11:41 - DEBUG - auth.service - login with username: puki 
15.1.2023, 20:11:41 - DEBUG - auth.route - new account created: {"username":"puki","password":"$2b$10$eggsV5T5pfam.CN1SekJiesJm/2ETXKYGpVUi5OmRfg/Pdn4sSBim","fullname":"Puki Norma","score":0,"_id":"63c441dd81c73966a8f49e05"} 
15.1.2023, 20:11:41 - INFO - User signup: | {"_id":"63c4419c81c73966a8f49e01","username":"puki","fullname":"Puki Norma","score":0} 
15.1.2023, 20:11:41 - DEBUG - {"username":"admin","password":"123","fullname":"Master Adminov"} 
15.1.2023, 20:11:41 - DEBUG - auth.service - signup with username: admin, fullname: Master Adminov 
15.1.2023, 20:11:41 - DEBUG - auth.route - new account created: {"username":"admin","password":"$2b$10$3bTgwE1Gie0CDQtgfddTi..jJuL4BvdBVkhlXhxiZfeXVVaagQiDS","fullname":"Master Adminov","score":0,"_id":"63c441dd81c73966a8f49e06"} 
15.1.2023, 20:11:41 - DEBUG - auth.service - login with username: admin 
15.1.2023, 20:11:41 - ERROR - Failed to signup Invalid username or password 
15.1.2023, 20:12:08 - INFO - Req was made 
15.1.2023, 20:12:08 - DEBUG - Getting Toys 
15.1.2023, 20:14:27 - DEBUG - {"username":"puki","password":"123","fullname":"Puki Norma"} 
15.1.2023, 20:14:27 - DEBUG - auth.service - signup with username: puki, fullname: Puki Norma 
15.1.2023, 20:14:27 - INFO - Req was made 
15.1.2023, 20:14:27 - DEBUG - Getting Toys 
15.1.2023, 20:14:27 - DEBUG - auth.route - new account created: {"username":"puki","password":"$2b$10$7ycvsLbTWyjapKzuBPF6MuDdzJThdRigBaKdrWExc1pLTW3BAsPX2","fullname":"Puki Norma","score":0,"_id":"63c4428381c73966a8f49e07"} 
15.1.2023, 20:14:27 - DEBUG - auth.service - login with username: puki 
15.1.2023, 20:14:27 - INFO - User signup: | {"_id":"63c4419c81c73966a8f49e01","username":"puki","fullname":"Puki Norma","score":0} 
15.1.2023, 20:14:28 - DEBUG - auth.service - signup with username: admin, fullname: Master Adminov 
15.1.2023, 20:14:28 - DEBUG - {"username":"admin","password":"123","fullname":"Master Adminov"} 
15.1.2023, 20:14:28 - DEBUG - auth.service - login with username: admin 
15.1.2023, 20:14:28 - DEBUG - auth.route - new account created: {"username":"admin","password":"$2b$10$Gq6IpFQo/38llk4RFcw8eucZFKO1w5.lqOMjPCZ60AWGONJgKsd3a","fullname":"Master Adminov","score":0,"_id":"63c4428481c73966a8f49e08"} 
15.1.2023, 20:14:28 - ERROR - Failed to signup Invalid username or password 
15.1.2023, 20:24:18 - DEBUG - {"username":"keren","password":"keren","fullname":"keren siebner"} 
15.1.2023, 20:24:18 - DEBUG - auth.service - signup with username: keren, fullname: keren siebner 
15.1.2023, 20:24:18 - DEBUG - auth.route - new account created: {"username":"keren","password":"$2b$10$2rRc.FjSKgIe.aUJ7JIt2O7QEp.oMCFo4CVuZRH0mtdaSNLoWyvqe","fullname":"keren siebner","score":0,"_id":"63c444d281c73966a8f49e09"} 
15.1.2023, 20:24:18 - DEBUG - auth.service - login with username: keren 
15.1.2023, 20:24:18 - ERROR - Failed to signup Invalid username or password 
15.1.2023, 20:24:20 - DEBUG - {"username":"keren","password":"keren","fullname":"keren siebner"} 
15.1.2023, 20:24:20 - DEBUG - auth.service - signup with username: keren, fullname: keren siebner 
15.1.2023, 20:24:21 - DEBUG - auth.route - new account created: {"username":"keren","password":"$2b$10$jX2dAulWjHBwu44F0wAzdeqF4hP73rpZZ8mw6z4Zg7m.XrQZVmMZG","fullname":"keren siebner","score":0,"_id":"63c444d581c73966a8f49e0a"} 
15.1.2023, 20:24:21 - DEBUG - auth.service - login with username: keren 
15.1.2023, 20:24:21 - ERROR - Failed to signup Invalid username or password 
15.1.2023, 20:27:31 - DEBUG - {"username":"keren","password":"keren","fullname":"keren siebner"} 
15.1.2023, 20:27:31 - DEBUG - auth.service - signup with username: keren, fullname: keren siebner 
15.1.2023, 20:27:32 - DEBUG - auth.route - new account created: {"username":"keren","password":"$2b$10$48HLYIraAnFQs5QqPyo6PeVTvGy0fV.FS.AdkheJdBbJp5Wu8pQiS","fullname":"keren siebner","score":0,"_id":"63c4459481c73966a8f49e0b"} 
15.1.2023, 20:27:32 - DEBUG - auth.service - login with username: keren 
15.1.2023, 20:27:32 - ERROR - Failed to signup Invalid username or password 
15.1.2023, 20:28:19 - INFO - Server is running on port: 3030 
15.1.2023, 20:28:53 - INFO - Req was made 
15.1.2023, 20:28:53 - DEBUG - Getting Toys 
15.1.2023, 20:28:53 - DEBUG - Getting Toys 
15.1.2023, 20:28:53 - INFO - Req was made 
15.1.2023, 20:34:24 - INFO - Req was made 
15.1.2023, 20:34:24 - DEBUG - Getting Toys 
15.1.2023, 20:34:43 - INFO - Req was made 
15.1.2023, 20:34:43 - DEBUG - Getting Toys 
15.1.2023, 20:38:16 - INFO - Req was made 
15.1.2023, 20:38:16 - DEBUG - Getting Toys 
15.1.2023, 20:38:16 - INFO - Req was made 
15.1.2023, 20:38:16 - DEBUG - Getting Toys 
15.1.2023, 20:46:47 - DEBUG - Getting Toys 
15.1.2023, 20:46:47 - INFO - Req was made 
15.1.2023, 20:50:47 - INFO - Req was made 
15.1.2023, 20:50:47 - DEBUG - Getting Toys 
15.1.2023, 20:51:11 - INFO - Req was made 
15.1.2023, 20:51:11 - DEBUG - Getting Toys 
15.1.2023, 20:51:11 - INFO - Req was made 
15.1.2023, 20:51:11 - DEBUG - Getting Toys 
15.1.2023, 20:51:25 - INFO - Req was made 
15.1.2023, 20:51:25 - DEBUG - Getting Toys 
15.1.2023, 20:56:52 - DEBUG - Getting Toys 
15.1.2023, 20:56:52 - INFO - Req was made 
15.1.2023, 20:57:04 - INFO - Req was made 
15.1.2023, 20:57:04 - DEBUG - Getting Toys 
15.1.2023, 20:57:07 - INFO - Req was made 
15.1.2023, 20:57:07 - DEBUG - Getting Toys 
15.1.2023, 20:57:12 - INFO - Req was made 
15.1.2023, 20:57:12 - DEBUG - Getting Toys 
15.1.2023, 20:57:15 - INFO - Req was made 
15.1.2023, 20:57:15 - DEBUG - Getting Toys 
15.1.2023, 20:57:17 - INFO - Req was made 
15.1.2023, 20:57:17 - DEBUG - Getting Toys 
15.1.2023, 20:57:24 - INFO - Req was made 
15.1.2023, 20:57:24 - DEBUG - Getting Toys 
15.1.2023, 20:58:01 - INFO - Req was made 
15.1.2023, 20:58:01 - DEBUG - Getting Toys 
15.1.2023, 20:58:04 - INFO - Req was made 
15.1.2023, 20:58:04 - DEBUG - Getting Toys 
15.1.2023, 20:58:09 - INFO - Req was made 
15.1.2023, 20:58:09 - DEBUG - Getting Toys 
15.1.2023, 20:58:12 - INFO - Req was made 
15.1.2023, 20:58:12 - DEBUG - Getting Toys 
15.1.2023, 21:03:29 - INFO - Req was made 
15.1.2023, 21:03:29 - DEBUG - Getting Toys 
15.1.2023, 21:03:29 - INFO - Req was made 
15.1.2023, 21:03:29 - DEBUG - Getting Toys 
15.1.2023, 21:03:29 - INFO - Req was made 
15.1.2023, 21:03:29 - DEBUG - Getting Toys 
15.1.2023, 21:03:55 - INFO - Req was made 
15.1.2023, 21:03:55 - DEBUG - Getting Toys 
15.1.2023, 21:03:55 - INFO - Req was made 
15.1.2023, 21:03:55 - DEBUG - Getting Toys 
15.1.2023, 21:04:25 - INFO - Req was made 
15.1.2023, 21:04:25 - DEBUG - Getting Toys 
15.1.2023, 21:04:25 - INFO - Req was made 
15.1.2023, 21:04:25 - DEBUG - Getting Toys 
15.1.2023, 21:13:48 - INFO - Req was made 
15.1.2023, 21:13:48 - DEBUG - Getting Toys 
15.1.2023, 21:48:04 - INFO - Req was made 
15.1.2023, 21:48:04 - DEBUG - Getting Toys 
15.1.2023, 21:48:04 - INFO - Req was made 
15.1.2023, 21:48:04 - DEBUG - Getting Toys 
15.1.2023, 21:48:39 - INFO - Req was made 
15.1.2023, 21:48:39 - DEBUG - Getting Toys 
15.1.2023, 21:48:39 - INFO - Req was made 
15.1.2023, 21:48:39 - DEBUG - Getting Toys 
15.1.2023, 21:51:13 - INFO - Req was made 
15.1.2023, 21:51:13 - DEBUG - Getting Toys 
15.1.2023, 21:51:13 - INFO - Req was made 
15.1.2023, 21:51:13 - DEBUG - Getting Toys 
15.1.2023, 21:57:40 - INFO - Req was made 
15.1.2023, 21:57:40 - DEBUG - Getting Toys 
15.1.2023, 22:02:15 - INFO - Req was made 
15.1.2023, 22:02:15 - DEBUG - Getting Toys 
15.1.2023, 22:02:16 - INFO - Req was made 
15.1.2023, 22:02:16 - DEBUG - Getting Toys 
15.1.2023, 22:02:18 - INFO - Req was made 
15.1.2023, 22:02:18 - DEBUG - Getting Toys 
15.1.2023, 22:05:30 - DEBUG - Getting Toys 
15.1.2023, 22:05:30 - INFO - Req was made 
15.1.2023, 22:05:30 - INFO - Req was made 
15.1.2023, 22:05:30 - DEBUG - Getting Toys 
15.1.2023, 22:05:58 - INFO - Req was made 
15.1.2023, 22:05:58 - DEBUG - Getting Toys 
15.1.2023, 22:05:59 - INFO - Req was made 
15.1.2023, 22:05:59 - DEBUG - Getting Toys 
15.1.2023, 22:09:13 - INFO - Req was made 
15.1.2023, 22:09:13 - DEBUG - Getting Toys 
15.1.2023, 22:09:13 - INFO - Req was made 
15.1.2023, 22:09:13 - DEBUG - Getting Toys 
15.1.2023, 22:09:54 - INFO - Req was made 
15.1.2023, 22:09:54 - DEBUG - Getting Toys 
15.1.2023, 22:09:54 - INFO - Req was made 
15.1.2023, 22:09:54 - DEBUG - Getting Toys 
15.1.2023, 22:17:30 - INFO - Req was made 
15.1.2023, 22:17:30 - DEBUG - Getting Toys 
15.1.2023, 22:17:30 - INFO - Req was made 
15.1.2023, 22:17:30 - DEBUG - Getting Toys 
15.1.2023, 22:22:48 - DEBUG - Getting Toys 
15.1.2023, 22:22:48 - INFO - Req was made 
15.1.2023, 22:22:48 - INFO - Req was made 
15.1.2023, 22:22:48 - DEBUG - Getting Toys 
15.1.2023, 22:23:58 - INFO - Req was made 
15.1.2023, 22:23:58 - DEBUG - Getting Toys 
15.1.2023, 22:23:58 - INFO - Req was made 
15.1.2023, 22:23:58 - DEBUG - Getting Toys 
15.1.2023, 22:24:16 - INFO - Req was made 
15.1.2023, 22:24:16 - DEBUG - Getting Toys 
15.1.2023, 22:24:16 - INFO - Req was made 
15.1.2023, 22:24:16 - DEBUG - Getting Toys 
15.1.2023, 22:55:56 - INFO - Req was made 
15.1.2023, 22:55:56 - DEBUG - Getting Toys 
15.1.2023, 22:55:56 - INFO - Req was made 
15.1.2023, 22:55:56 - DEBUG - Getting Toys 
15.1.2023, 22:56:02 - INFO - Req was made 
15.1.2023, 22:56:02 - DEBUG - Getting Toys 
15.1.2023, 22:56:02 - INFO - Req was made 
15.1.2023, 22:56:02 - DEBUG - Getting Toys 
15.1.2023, 23:08:44 - INFO - Server is running on port: 3030 
15.1.2023, 23:08:45 - INFO - Server is running on port: 3030 
15.1.2023, 23:08:55 - INFO - Server is running on port: 3030 
15.1.2023, 23:09:24 - INFO - Server is running on port: 3030 
15.1.2023, 23:09:25 - INFO - Server is running on port: 3030 
15.1.2023, 23:09:30 - INFO - Server is running on port: 3030 
15.1.2023, 23:26:50 - INFO - Server is running on port: 3030 
15.1.2023, 23:26:53 - INFO - Req was made 
15.1.2023, 23:26:53 - DEBUG - Getting Toys 
15.1.2023, 23:26:53 - INFO - Req was made 
15.1.2023, 23:26:53 - DEBUG - Getting Toys 
